0 info it worked if it ends with ok
1 verbose cli [ '/usr/bin/node', '/usr/bin/npm', 'start' ]
2 info using npm@3.5.2
3 info using node@v8.10.0
4 verbose run-script [ 'prestart', 'start', 'poststart' ]
5 info lifecycle botkit-starter-slack@0.0.2~prestart: botkit-starter-slack@0.0.2
6 silly lifecycle botkit-starter-slack@0.0.2~prestart: no script for prestart, continuing
7 info lifecycle botkit-starter-slack@0.0.2~start: botkit-starter-slack@0.0.2
8 verbose lifecycle botkit-starter-slack@0.0.2~start: unsafe-perm in lifecycle true
9 verbose lifecycle botkit-starter-slack@0.0.2~start: PATH: /usr/share/npm/bin/node-gyp-bin:/home/noah2017/Documents/467/imai-poker/node_modules/.bin:/home/noah2017/bin:/home/noah2017/.local/bin:/usr/local/sbin:/usr/local/bin:/usr/sbin:/usr/bin:/sbin:/bin:/usr/games:/usr/local/games:/snap/bin:/usr/lib/jvm/java-8-oracle/bin:/usr/lib/jvm/java-8-oracle/db/bin:/usr/lib/jvm/java-8-oracle/jre/bin
10 verbose lifecycle botkit-starter-slack@0.0.2~start: CWD: /home/noah2017/Documents/467/imai-poker
11 silly lifecycle botkit-starter-slack@0.0.2~start: Args: [ '-c', 'node bot.js' ]
12 silly lifecycle botkit-starter-slack@0.0.2~start: Returned: code: 1  signal: null
13 info lifecycle botkit-starter-slack@0.0.2~start: Failed to exec start script
14 verbose stack Error: botkit-starter-slack@0.0.2 start: `node bot.js`
14 verbose stack Exit status 1
14 verbose stack     at EventEmitter.<anonymous> (/usr/share/npm/lib/utils/lifecycle.js:232:16)
14 verbose stack     at emitTwo (events.js:126:13)
14 verbose stack     at EventEmitter.emit (events.js:214:7)
14 verbose stack     at ChildProcess.<anonymous> (/usr/share/npm/lib/utils/spawn.js:24:14)
14 verbose stack     at emitTwo (events.js:126:13)
14 verbose stack     at ChildProcess.emit (events.js:214:7)
14 verbose stack     at maybeClose (internal/child_process.js:925:16)
14 verbose stack     at Process.ChildProcess._handle.onexit (internal/child_process.js:209:5)
15 verbose pkgid botkit-starter-slack@0.0.2
16 verbose cwd /home/noah2017/Documents/467/imai-poker
17 error Linux 4.15.0-47-generic
18 error argv "/usr/bin/node" "/usr/bin/npm" "start"
19 error node v8.10.0
20 error npm  v3.5.2
21 error code ELIFECYCLE
22 error botkit-starter-slack@0.0.2 start: `node bot.js`
22 error Exit status 1
23 error Failed at the botkit-starter-slack@0.0.2 start script 'node bot.js'.
23 error Make sure you have the latest version of node.js and npm installed.
23 error If you do, this is most likely a problem with the botkit-starter-slack package,
23 error not with npm itself.
23 error Tell the author that this fails on your system:
23 error     node bot.js
23 error You can get information on how to open an issue for this project with:
23 error     npm bugs botkit-starter-slack
23 error Or if that isn't available, you can get their info via:
23 error     npm owner ls botkit-starter-slack
23 error There is likely additional logging output above.
24 verbose exit [ 1, true ]
